<?xml version="1.0" encoding="UTF-8"?>
<testng-results skipped="0" failed="0" total="1" passed="1">
  <reporter-output>
  </reporter-output>
  <suite name="Default suite" duration-ms="28494" started-at="2020-06-16T12:04:04Z" finished-at="2020-06-16T12:04:33Z">
    <groups>
    </groups>
    <test name="Default test" duration-ms="28494" started-at="2020-06-16T12:04:04Z" finished-at="2020-06-16T12:04:33Z">
      <class name="Academy.SnapCart">
        <test-method status="PASS" signature="initialize()[pri:0, instance:Academy.SnapCart@1b9a3ff]" name="initialize" is-config="true" duration-ms="13738" started-at="2020-06-16T17:34:05Z" finished-at="2020-06-16T17:34:18Z">
          <reporter-output>
          </reporter-output>
        </test-method> <!-- initialize -->
        <test-method status="PASS" signature="CartSaree()[pri:0, instance:Academy.SnapCart@1b9a3ff]" name="CartSaree" duration-ms="14739" started-at="2020-06-16T17:34:18Z" finished-at="2020-06-16T17:34:33Z">
          <reporter-output>
          </reporter-output>
        </test-method> <!-- CartSaree -->
      </class> <!-- Academy.SnapCart -->
    </test> <!-- Default test -->
  </suite> <!-- Default suite -->
</testng-results>
